DISPLAY_X           480
DISPLAY_Y           480
CYCLE_NUMBER        5
WAIT_DURATION       2.00
EPOCH_DURATION      5.30
PAUSE_DURATION      2.00
REMIND_DURATION     1.00
REMINDS_PER_EPOCH   1
FRAMES_PER_REMIND   108
BALL_NUMBER         10
BALL_TRACK_NUMBER   5
BALL_VELOCITY       12
BALL_ARRAY_SIZE     48
BALL_MIN_DISTANCE   72
BALL_RADIUS         16.00
BALL_SIGMA2         300.00
BALL_TWIST_ANGLE    0.10
OBSERVER            movie
FILENAME            movie
APPLICATION_MODE    FMRI_SESSION
FMRI_SESSION_NUMBER 9
