DISPLAY_X           960
DISPLAY_Y           960
CYCLE_NUMBER        1
WAIT_DURATION       1.00
EPOCH_DURATION      10.00
PAUSE_DURATION      1.00
REMIND_DURATION     1.00
REMINDS_PER_EPOCH   1
FRAMES_PER_REMIND   528
BALL_NUMBER         10
BALL_TRACK_NUMBER   5
BALL_VELOCITY       8
BALL_ARRAY_SIZE     96
BALL_MIN_DISTANCE   144
BALL_RADIUS         32.00
BALL_SIGMA2         600.00
BALL_TWIST_ANGLE    0.10
OBSERVER            xxx
FILENAME            xxx
APPLICATION_MODE    TRAINING
FMRI_SESSION_NUMBER 1
